<?xml version="1.0" encoding="UTF-8"?>
<!-- Generated by org.testng.reporters.JUnitReportReporter -->
<testsuite hostname="home" name="com.execution.scripts.testng" tests="2" failures="0" timestamp="18 Jul 2018 22:53:39 GMT" time="0.010" errors="0">
  <testcase name="test2" time="0.003" classname="com.execution.scripts.testng"/>
  <testcase name="test1" time="0.007" classname="com.execution.scripts.testng"/>
</testsuite> <!-- com.execution.scripts.testng -->
