<?xml version="1.0" encoding="UTF-8"?>
<!-- Generated by org.testng.reporters.JUnitReportReporter -->
<testsuite hostname="home" name="com.execution.scripts.MainExecutionScripts" tests="6" failures="0" timestamp="25 Jul 2018 20:58:17 GMT" time="64.496" errors="0">
  <testcase name="logoutTest" time="2.728" classname="com.execution.scripts.MainExecutionScripts"/>
  <testcase name="beforetest" time="10.118" classname="com.execution.scripts.MainExecutionScripts"/>
  <testcase name="EditProfessionalPageTest" time="26.472" classname="com.execution.scripts.MainExecutionScripts"/>
  <testcase name="logintest" time="1.532" classname="com.execution.scripts.MainExecutionScripts"/>
  <testcase name="MyCoursesPageTest" time="18.384" classname="com.execution.scripts.MainExecutionScripts"/>
  <testcase name="blogsTest" time="5.262" classname="com.execution.scripts.MainExecutionScripts"/>
</testsuite> <!-- com.execution.scripts.MainExecutionScripts -->
